\BOOKMARK [1][-]{section.1}{\376\377\000B\000a\000c\000k\000g\000r\000o\000u\000n\000d}{}% 1
\BOOKMARK [1][-]{section.2}{\376\377\000I\000n\000s\000t\000a\000l\000l\000a\000t\000i\000o\000n\000s\000\040\000-\000\040\000V\000i\000r\000t\000u\000a\000l\000\040\000E\000n\000v\000i\000r\000o\000n\000m\000e\000n\000t\000s\000\040\000a\000n\000d\000\040\000S\000o\000f\000t\000w\000a\000r\000e\000\040\000P\000a\000c\000k\000a\000g\000e\000s}{}% 2
\BOOKMARK [2][-]{subsection.2.1}{\376\377\000M\000i\000n\000i\000c\000o\000n\000d\000a\0003\000\040\000\050\000c\000o\000n\000d\000a\000\051\000\040\000a\000n\000d\000\040\000M\000a\000m\000b\000a}{section.2}% 3
\BOOKMARK [2][-]{subsection.2.2}{\376\377\000G\000i\000t\000\040\000I\000n\000s\000t\000a\000l\000l\000a\000t\000i\000o\000n\000\040\000a\000n\000d\000\040\000R\000e\000p\000o\000\040\000C\000l\000o\000n\000i\000n\000g}{section.2}% 4
\BOOKMARK [2][-]{subsection.2.3}{\376\377\000R\000e\000q\000u\000i\000r\000e\000d\000\040\000L\000i\000b\000r\000a\000r\000i\000e\000s\000\040\000w\000i\000t\000h\000\040\000M\000a\000m\000b\000a}{section.2}% 5
\BOOKMARK [3][-]{subsubsection.2.3.1}{\376\377\000A\000u\000t\000o\000m\000a\000t\000i\000c\000a\000l\000l\000y\000\040\000\050\000f\000a\000s\000t\000e\000r\000\051}{subsection.2.3}% 6
\BOOKMARK [3][-]{subsubsection.2.3.2}{\376\377\000M\000a\000n\000u\000a\000l\000l\000y\000\040\000\050\000s\000l\000o\000w\000e\000r\000\051}{subsection.2.3}% 7
\BOOKMARK [1][-]{section.3}{\376\377\000R\000u\000n\000n\000i\000n\000g\000\040\000J\000u\000p\000y\000t\000e\000r}{}% 8
\BOOKMARK [2][-]{subsection.3.1}{\376\377\000E\000d\000i\000t\000i\000n\000g\000\040\000t\000h\000e\000\040\000C\000o\000n\000f\000i\000g\000u\000r\000a\000t\000i\000o\000n\000\040\000F\000i\000l\000e}{section.3}% 9
\BOOKMARK [2][-]{subsection.3.2}{\376\377\000R\000u\000n\000n\000i\000n\000g\000\040\000a\000\040\000R\000C\000N\000V\000\137\000s\000e\000q\000-\000t\000e\000m\000p\000l\000a\000t\000e\000\040\000J\000u\000p\000y\000t\000e\000r\000\040\000N\000o\000t\000e\000b\000o\000o\000k}{section.3}% 10
\BOOKMARK [3][-]{subsubsection.3.2.1}{\376\377\000I\000n\000s\000t\000a\000l\000l\000i\000n\000g\000\040\000R\000e\000q\000u\000i\000r\000e\000d\000\040\000L\000i\000b\000r\000a\000r\000i\000e\000s\000\040\000\050\000o\000p\000t\000i\000o\000n\000a\000l\000\051}{subsection.3.2}% 11
\BOOKMARK [3][-]{subsubsection.3.2.2}{\376\377\000L\000o\000a\000d\000i\000n\000g\000\040\000R\000e\000q\000u\000i\000r\000e\000d\000\040\000L\000i\000b\000r\000a\000r\000i\000e\000s\000\040\000\050\000m\000a\000n\000d\000a\000t\000o\000r\000y\000\051}{subsection.3.2}% 12
\BOOKMARK [3][-]{subsubsection.3.2.3}{\376\377\000U\000s\000e\000r\000\040\000I\000n\000p\000u\000t\000\040\000\050\000m\000a\000n\000d\000a\000t\000o\000r\000y\000\051}{subsection.3.2}% 13
\BOOKMARK [3][-]{subsubsection.3.2.4}{\376\377\000C\000N\000V\000\040\000C\000a\000l\000c\000u\000l\000a\000t\000i\000o\000n\000s}{subsection.3.2}% 14
\BOOKMARK [3][-]{subsubsection.3.2.5}{\376\377\000P\000l\000o\000t\000t\000i\000n\000g}{subsection.3.2}% 15
\BOOKMARK [3][-]{subsubsection.3.2.6}{\376\377\000P\000l\000o\000t\000t\000i\000n\000g\000\040\000a\000\040\000Z\000o\000o\000m\000e\000d\000-\000I\000n\000\040\000R\000e\000g\000i\000o\000n\000\040\000o\000f\000\040\000O\000n\000e\000\040\000C\000h\000r\000o\000m\000o\000s\000o\000m\000e}{subsection.3.2}% 16
\BOOKMARK [1][-]{section.4}{\376\377\000E\000x\000a\000m\000p\000l\000e\000\040\000T\000u\000t\000o\000r\000i\000a\000l\000\040\000-\000\040\000C\000N\000V\000\040\000A\000n\000a\000l\000y\000s\000i\000s\000\040\000o\000f\000\040\000S\000o\000r\000g\000h\000u\000m}{}% 17
\BOOKMARK [2][-]{subsection.4.1}{\376\377\000D\000a\000t\000a\000\040\000D\000o\000w\000n\000l\000o\000a\000d}{section.4}% 18
\BOOKMARK [3][-]{subsubsection.4.1.1}{\376\377\000L\000i\000n\000u\000x\000\040\000T\000e\000r\000m\000i\000n\000a\000l}{subsection.4.1}% 19
\BOOKMARK [3][-]{subsubsection.4.1.2}{\376\377\000W\000e\000b\000-\000B\000r\000o\000w\000s\000e\000r}{subsection.4.1}% 20
\BOOKMARK [2][-]{subsection.4.2}{\376\377\000G\000e\000n\000e\000r\000a\000l\000\040\000I\000n\000s\000t\000a\000l\000l\000a\000t\000i\000o\000n\000s}{section.4}% 21
\BOOKMARK [2][-]{subsection.4.3}{\376\377\000G\000i\000t\000h\000u\000b\000\040\000R\000e\000p\000o\000s\000i\000t\000o\000r\000y\000\040\000C\000l\000o\000n\000i\000n\000g}{section.4}% 22
\BOOKMARK [2][-]{subsection.4.4}{\376\377\000V\000i\000r\000t\000u\000a\000l\000\040\000E\000n\000v\000i\000r\000o\000n\000m\000e\000n\000t\000\040\000C\000r\000e\000a\000t\000i\000o\000n}{section.4}% 23
\BOOKMARK [2][-]{subsection.4.5}{\376\377\000C\000o\000n\000f\000i\000g\000u\000r\000a\000t\000i\000o\000n\000\040\000F\000i\000l\000e\000\040\000E\000d\000i\000t\000i\000n\000g}{section.4}% 24
\BOOKMARK [2][-]{subsection.4.6}{\376\377\000J\000u\000p\000y\000t\000e\000r\000\040\000N\000o\000t\000e\000b\000o\000o\000k\000\040\000A\000n\000a\000l\000y\000s\000i\000s}{section.4}% 25
\BOOKMARK [1][-]{section.5}{\376\377\000R\000e\000f\000e\000r\000e\000n\000c\000e\000s}{}% 26
